  CREATE_STREAM @0 {NAME:axi4_virtual_bk_write_read_rand_seq_h T:Transactions SCOPE:uvm_test_top.axi4_env_h.axi4_virtual_seqr_h STREAM:14658}
  CREATE_STREAM @0 {NAME:axi4_slave_bk_write_rand_seq_h T:Transactions SCOPE:uvm_test_top.axi4_env_h.axi4_slave_agent_h[0].axi4_slave_write_seqr_h STREAM:14689}
  CREATE_STREAM @0 {NAME:axi4_slave_bk_read_rand_seq_h T:Transactions SCOPE:uvm_test_top.axi4_env_h.axi4_slave_agent_h[0].axi4_slave_read_seqr_h STREAM:14692}
  CREATE_STREAM @0 {NAME:axi4_master_bk_write_rand_seq_h T:Transactions SCOPE:uvm_test_top.axi4_env_h.axi4_master_agent_h[0].axi4_master_write_seqr_h STREAM:14695}
  CREATE_STREAM @0 {NAME:axi4_master_bk_read_rand_seq_h T:Transactions SCOPE:uvm_test_top.axi4_env_h.axi4_master_agent_h[0].axi4_master_read_seqr_h STREAM:14698}
  CREATE_STREAM @0 {NAME:axi4_virtual_bk_write_read_rand_seq_h T:Transactions SCOPE:uvm_test_top.axi4_env_h.axi4_virtual_seqr_h STREAM:14658}
  CREATE_STREAM @0 {NAME:axi4_slave_bk_write_rand_seq_h T:Transactions SCOPE:uvm_test_top.axi4_env_h.axi4_slave_agent_h[0].axi4_slave_write_seqr_h STREAM:14689}
  CREATE_STREAM @0 {NAME:axi4_slave_bk_read_rand_seq_h T:Transactions SCOPE:uvm_test_top.axi4_env_h.axi4_slave_agent_h[0].axi4_slave_read_seqr_h STREAM:14692}
  CREATE_STREAM @0 {NAME:axi4_master_bk_write_rand_seq_h T:Transactions SCOPE:uvm_test_top.axi4_env_h.axi4_master_agent_h[0].axi4_master_write_seqr_h STREAM:14695}
  CREATE_STREAM @0 {NAME:axi4_master_bk_read_rand_seq_h T:Transactions SCOPE:uvm_test_top.axi4_env_h.axi4_master_agent_h[0].axi4_master_read_seqr_h STREAM:14698}
  CREATE_STREAM @0 {NAME:axi4_virtual_bk_write_read_rand_seq_h T:Transactions SCOPE:uvm_test_top.axi4_env_h.axi4_virtual_seqr_h STREAM:14658}
  CREATE_STREAM @0 {NAME:axi4_slave_bk_write_rand_seq_h T:Transactions SCOPE:uvm_test_top.axi4_env_h.axi4_slave_agent_h[0].axi4_slave_write_seqr_h STREAM:14689}
  CREATE_STREAM @0 {NAME:axi4_slave_bk_read_rand_seq_h T:Transactions SCOPE:uvm_test_top.axi4_env_h.axi4_slave_agent_h[0].axi4_slave_read_seqr_h STREAM:14692}
  CREATE_STREAM @0 {NAME:axi4_master_bk_write_rand_seq_h T:Transactions SCOPE:uvm_test_top.axi4_env_h.axi4_master_agent_h[0].axi4_master_write_seqr_h STREAM:14695}
  CREATE_STREAM @0 {NAME:axi4_master_bk_read_rand_seq_h T:Transactions SCOPE:uvm_test_top.axi4_env_h.axi4_master_agent_h[0].axi4_master_read_seqr_h STREAM:14698}
  CREATE_STREAM @0 {NAME:axi4_virtual_tc_049_seq_h T:Transactions SCOPE:uvm_test_top.axi4_env_h.axi4_virtual_seqr_h STREAM:14655}
  CREATE_STREAM @0 {NAME:axi4_master_tc_049_seq_h T:Transactions SCOPE:uvm_test_top.axi4_env_h.axi4_master_agent_h[0].axi4_master_write_seqr_h STREAM:14668}
  CREATE_STREAM @0 {NAME:axi4_virtual_tc_049_seq_h T:Transactions SCOPE:uvm_test_top.axi4_env_h.axi4_virtual_seqr_h STREAM:14658}
  CREATE_STREAM @0 {NAME:axi4_master_tc_049_seq_h T:Transactions SCOPE:uvm_test_top.axi4_env_h.axi4_master_agent_h[0].axi4_master_write_seqr_h STREAM:14671}
  CREATE_STREAM @0 {NAME:axi4_virtual_tc_049_seq_h T:Transactions SCOPE:uvm_test_top.axi4_env_h.axi4_virtual_seqr_h STREAM:14666}
  CREATE_STREAM @0 {NAME:axi4_master_tc_049_seq_h T:Transactions SCOPE:uvm_test_top.axi4_env_h.axi4_master_agent_h[0].axi4_master_write_seqr_h STREAM:14679}
  CREATE_STREAM @0 {NAME:axi4_virtual_tc_049_seq_h T:Transactions SCOPE:uvm_test_top.axi4_env_h.axi4_virtual_seqr_h STREAM:8210}
  CREATE_STREAM @0 {NAME:axi4_master_tc_049_seq_h T:Transactions SCOPE:uvm_test_top.axi4_env_h.axi4_master_agent_h[0].axi4_master_write_seqr_h STREAM:8221}
  CREATE_STREAM @0 {NAME:axi4_virtual_tc_051_seq_h T:Transactions SCOPE:uvm_test_top.axi4_env_h.axi4_virtual_seqr_h STREAM:14658}
  CREATE_STREAM @0 {NAME:axi4_master_tc_051_seq_h T:Transactions SCOPE:uvm_test_top.axi4_env_h.axi4_master_agent_h[0].axi4_master_write_seqr_h STREAM:14671}
  CREATE_STREAM @0 {NAME:axi4_virtual_bk_write_read_rand_seq_h T:Transactions SCOPE:uvm_test_top.axi4_env_h.axi4_virtual_seqr_h STREAM:8203}
  CREATE_STREAM @0 {NAME:axi4_slave_bk_write_rand_seq_h T:Transactions SCOPE:uvm_test_top.axi4_env_h.axi4_slave_agent_h[0].axi4_slave_write_seqr_h STREAM:8232}
  CREATE_STREAM @0 {NAME:axi4_slave_bk_read_rand_seq_h T:Transactions SCOPE:uvm_test_top.axi4_env_h.axi4_slave_agent_h[0].axi4_slave_read_seqr_h STREAM:8235}
  CREATE_STREAM @0 {NAME:axi4_master_bk_write_rand_seq_h T:Transactions SCOPE:uvm_test_top.axi4_env_h.axi4_master_agent_h[0].axi4_master_write_seqr_h STREAM:8238}
  CREATE_STREAM @0 {NAME:axi4_master_bk_read_rand_seq_h T:Transactions SCOPE:uvm_test_top.axi4_env_h.axi4_master_agent_h[0].axi4_master_read_seqr_h STREAM:8241}
  CREATE_STREAM @0 {NAME:vseq T:Transactions SCOPE:uvm_test_top.axi4_env_h.axi4_virtual_seqr_h STREAM:8203}
  CREATE_STREAM @0 {NAME:baseline_seq[0] T:Transactions SCOPE:uvm_test_top.axi4_env_h.axi4_master_agent_h[0].axi4_master_write_seqr_h STREAM:8280}
  CREATE_STREAM @310 {NAME:baseline_seq[1] T:Transactions SCOPE:uvm_test_top.axi4_env_h.axi4_master_agent_h[1].axi4_master_write_seqr_h STREAM:8665}
  CREATE_STREAM @60510 {NAME:baseline_seq[2] T:Transactions SCOPE:uvm_test_top.axi4_env_h.axi4_master_agent_h[2].axi4_master_write_seqr_h STREAM:8699}
  CREATE_STREAM @60730 {NAME:baseline_seq[3] T:Transactions SCOPE:uvm_test_top.axi4_env_h.axi4_master_agent_h[3].axi4_master_write_seqr_h STREAM:8815}
  CREATE_STREAM @1060950 {NAME:wstrb_seq[0] T:Transactions SCOPE:uvm_test_top.axi4_env_h.axi4_master_agent_h[0].axi4_master_write_seqr_h STREAM:9111}
  CREATE_STREAM @1061170 {NAME:wstrb_seq[1] T:Transactions SCOPE:uvm_test_top.axi4_env_h.axi4_master_agent_h[1].axi4_master_write_seqr_h STREAM:9227}
  CREATE_STREAM @1121370 {NAME:wstrb_seq[2] T:Transactions SCOPE:uvm_test_top.axi4_env_h.axi4_master_agent_h[2].axi4_master_write_seqr_h STREAM:9261}
  CREATE_STREAM @1121650 {NAME:wstrb_seq[3] T:Transactions SCOPE:uvm_test_top.axi4_env_h.axi4_master_agent_h[3].axi4_master_write_seqr_h STREAM:9377}
  CREATE_STREAM @2121890 {NAME:read_seq[0] T:Transactions SCOPE:uvm_test_top.axi4_env_h.axi4_master_agent_h[0].axi4_master_read_seqr_h STREAM:9673}
  CREATE_STREAM @2122070 {NAME:read_seq[1] T:Transactions SCOPE:uvm_test_top.axi4_env_h.axi4_master_agent_h[1].axi4_master_read_seqr_h STREAM:9781}
  CREATE_STREAM @0 {NAME:vseq T:Transactions SCOPE:uvm_test_top.axi4_env_h.axi4_virtual_seqr_h STREAM:8204}
  CREATE_STREAM @0 {NAME:baseline_seq[0] T:Transactions SCOPE:uvm_test_top.axi4_env_h.axi4_master_agent_h[0].axi4_master_write_seqr_h STREAM:8281}
  CREATE_STREAM @330 {NAME:baseline_seq[1] T:Transactions SCOPE:uvm_test_top.axi4_env_h.axi4_master_agent_h[1].axi4_master_write_seqr_h STREAM:8678}
  CREATE_STREAM @550 {NAME:baseline_seq[2] T:Transactions SCOPE:uvm_test_top.axi4_env_h.axi4_master_agent_h[2].axi4_master_write_seqr_h STREAM:8808}
  CREATE_STREAM @750 {NAME:baseline_seq[3] T:Transactions SCOPE:uvm_test_top.axi4_env_h.axi4_master_agent_h[3].axi4_master_write_seqr_h STREAM:8938}
  CREATE_STREAM @1001030 {NAME:wstrb_seq[0] T:Transactions SCOPE:uvm_test_top.axi4_env_h.axi4_master_agent_h[0].axi4_master_write_seqr_h STREAM:9286}
  CREATE_STREAM @1001210 {NAME:wstrb_seq[1] T:Transactions SCOPE:uvm_test_top.axi4_env_h.axi4_master_agent_h[1].axi4_master_write_seqr_h STREAM:9402}
  CREATE_STREAM @1001390 {NAME:wstrb_seq[2] T:Transactions SCOPE:uvm_test_top.axi4_env_h.axi4_master_agent_h[2].axi4_master_write_seqr_h STREAM:9532}
  CREATE_STREAM @1001610 {NAME:wstrb_seq[3] T:Transactions SCOPE:uvm_test_top.axi4_env_h.axi4_master_agent_h[3].axi4_master_write_seqr_h STREAM:9662}
  CREATE_STREAM @2001870 {NAME:read_seq[0] T:Transactions SCOPE:uvm_test_top.axi4_env_h.axi4_master_agent_h[0].axi4_master_read_seqr_h STREAM:10010}
  CREATE_STREAM @2002130 {NAME:read_seq[1] T:Transactions SCOPE:uvm_test_top.axi4_env_h.axi4_master_agent_h[1].axi4_master_read_seqr_h STREAM:10118}
  CREATE_STREAM @2002350 {NAME:read_seq[2] T:Transactions SCOPE:uvm_test_top.axi4_env_h.axi4_master_agent_h[2].axi4_master_read_seqr_h STREAM:10228}
  CREATE_STREAM @2002590 {NAME:read_seq[3] T:Transactions SCOPE:uvm_test_top.axi4_env_h.axi4_master_agent_h[3].axi4_master_read_seqr_h STREAM:10336}
  CREATE_STREAM @0 {NAME:vseq T:Transactions SCOPE:uvm_test_top.axi4_env_h.axi4_virtual_seqr_h STREAM:8206}
  CREATE_STREAM @0 {NAME:baseline_seq[0] T:Transactions SCOPE:uvm_test_top.axi4_env_h.axi4_master_agent_h[0].axi4_master_write_seqr_h STREAM:8283}
  CREATE_STREAM @270 {NAME:baseline_seq[1] T:Transactions SCOPE:uvm_test_top.axi4_env_h.axi4_master_agent_h[1].axi4_master_write_seqr_h STREAM:8680}
  CREATE_STREAM @530 {NAME:baseline_seq[2] T:Transactions SCOPE:uvm_test_top.axi4_env_h.axi4_master_agent_h[2].axi4_master_write_seqr_h STREAM:8810}
  CREATE_STREAM @770 {NAME:baseline_seq[3] T:Transactions SCOPE:uvm_test_top.axi4_env_h.axi4_master_agent_h[3].axi4_master_write_seqr_h STREAM:8940}
  CREATE_STREAM @1001090 {NAME:wstrb_seq[0] T:Transactions SCOPE:uvm_test_top.axi4_env_h.axi4_master_agent_h[0].axi4_master_write_seqr_h STREAM:9288}
  CREATE_STREAM @1001350 {NAME:wstrb_seq[1] T:Transactions SCOPE:uvm_test_top.axi4_env_h.axi4_master_agent_h[1].axi4_master_write_seqr_h STREAM:9404}
  CREATE_STREAM @1001570 {NAME:wstrb_seq[2] T:Transactions SCOPE:uvm_test_top.axi4_env_h.axi4_master_agent_h[2].axi4_master_write_seqr_h STREAM:9534}
  CREATE_STREAM @1001790 {NAME:wstrb_seq[3] T:Transactions SCOPE:uvm_test_top.axi4_env_h.axi4_master_agent_h[3].axi4_master_write_seqr_h STREAM:9664}
  CREATE_STREAM @2002090 {NAME:read_seq[0] T:Transactions SCOPE:uvm_test_top.axi4_env_h.axi4_master_agent_h[0].axi4_master_read_seqr_h STREAM:10012}
  CREATE_STREAM @2002330 {NAME:read_seq[1] T:Transactions SCOPE:uvm_test_top.axi4_env_h.axi4_master_agent_h[1].axi4_master_read_seqr_h STREAM:10120}
  CREATE_STREAM @2002490 {NAME:read_seq[2] T:Transactions SCOPE:uvm_test_top.axi4_env_h.axi4_master_agent_h[2].axi4_master_read_seqr_h STREAM:10478}
  CREATE_STREAM @2002690 {NAME:read_seq[3] T:Transactions SCOPE:uvm_test_top.axi4_env_h.axi4_master_agent_h[3].axi4_master_read_seqr_h STREAM:10586}
